app/seeds.txt
com.cwf.app.cwf.MainActivity
com.cwf.app.cwf.MainActivity: MainActivity()
com.cwf.app.cwf.R$anim: int abc_fade_in
com.cwf.app.cwf.R$anim: int abc_fade_out
com.cwf.app.cwf.R$anim: int abc_grow_fade_in_from_bottom
com.cwf.app.cwf.R$anim: int abc_popup_enter
com.cwf.app.cwf.R$anim: int abc_popup_exit
com.cwf.app.cwf.R$anim: int abc_shrink_fade_out_from_bottom
com.cwf.app.cwf.R$anim: int abc_slide_in_bottom
com.cwf.app.cwf.R$anim: int abc_slide_in_top
com.cwf.app.cwf.R$anim: int abc_slide_out_bottom
com.cwf.app.cwf.R$anim: int abc_slide_out_top
com.cwf.app.cwf.R$anim: int design_fab_in
com.cwf.app.cwf.R$anim: int design_fab_out
com.cwf.app.cwf.R$anim: int design_snackbar_in
com.cwf.app.cwf.R$anim: int design_snackbar_out
com.cwf.app.cwf.R$anim: int fade
com.cwf.app.cwf.R$anim: int fade_in
com.cwf.app.cwf.R$anim: int fade_out
com.cwf.app.cwf.R$anim: int fadein
com.cwf.app.cwf.R$anim: int left_in
com.cwf.app.cwf.R$anim: int left_out
com.cwf.app.cwf.R$anim: int navagation_gridview_anim
com.cwf.app.cwf.R$anim: int rotate
com.cwf.app.cwf.R$anim: int scale
com.cwf.app.cwf.R$anim: int slide_down_in
com.cwf.app.cwf.R$anim: int slide_down_out
com.cwf.app.cwf.R$anim: int slide_in_from_bottom
com.cwf.app.cwf.R$anim: int slide_in_from_top
com.cwf.app.cwf.R$anim: int slide_left
com.cwf.app.cwf.R$anim: int slide_out_to_bottom
com.cwf.app.cwf.R$anim: int slide_out_to_top
com.cwf.app.cwf.R$anim: int slide_right
com.cwf.app.cwf.R$anim: int slide_up_in
com.cwf.app.cwf.R$anim: int zoom_enter
com.cwf.app.cwf.R$anim: int zoom_exit
com.cwf.app.cwf.R$array: int country_codes
com.cwf.app.cwf.R$attr: int actionBarDivider
com.cwf.app.cwf.R$attr: int actionBarItemBackground
com.cwf.app.cwf.R$attr: int actionBarPopupTheme
com.cwf.app.cwf.R$attr: int actionBarSize
com.cwf.app.cwf.R$attr: int actionBarSplitStyle
com.cwf.app.cwf.R$attr: int actionBarStyle
com.cwf.app.cwf.R$attr: int actionBarTabBarStyle
com.cwf.app.cwf.R$attr: int actionBarTabStyle
com.cwf.app.cwf.R$attr: int actionBarTabTextStyle
com.cwf.app.cwf.R$attr: int actionBarTheme
com.cwf.app.cwf.R$attr: int actionBarWidgetTheme
com.cwf.app.cwf.R$attr: int actionButtonStyle
com.cwf.app.cwf.R$attr: int actionDropDownStyle
com.cwf.app.cwf.R$attr: int actionLayout
com.cwf.app.cwf.R$attr: int actionMenuTextAppearance
com.cwf.app.cwf.R$attr: int actionMenuTextColor
com.cwf.app.cwf.R$attr: int actionModeBackground
com.cwf.app.cwf.R$attr: int actionModeCloseButtonStyle
com.cwf.app.cwf.R$attr: int actionModeCloseDrawable
com.cwf.app.cwf.R$attr: int actionModeCopyDrawable
com.cwf.app.cwf.R$attr: int actionModeCutDrawable
com.cwf.app.cwf.R$attr: int actionModeFindDrawable
com.cwf.app.cwf.R$attr: int actionModePasteDrawable
com.cwf.app.cwf.R$attr: int actionModePopupWindowStyle
com.cwf.app.cwf.R$attr: int actionModeSelectAllDrawable
com.cwf.app.cwf.R$attr: int actionModeShareDrawable
com.cwf.app.cwf.R$attr: int actionModeSplitBackground
com.cwf.app.cwf.R$attr: int actionModeStyle
com.cwf.app.cwf.R$attr: int actionModeWebSearchDrawable
com.cwf.app.cwf.R$attr: int actionOverflowButtonStyle
com.cwf.app.cwf.R$bool: int abc_action_bar_embed_tabs
com.cwf.app.cwf.R$bool: int abc_action_bar_embed_tabs_pre_jb
com.cwf.app.cwf.R$bool: int abc_action_bar_expanded_action_views_exclusive
com.cwf.app.cwf.R$bool: int abc_allow_stacked_button_bar
com.cwf.app.cwf.R$bool: int abc_config_actionMenuItemAllCaps
com.cwf.app.cwf.R$bool: int abc_config_allowActionMenuItemTextWithIcon
com.cwf.app.cwf.R$bool: int abc_config_closeDialogWhenTouchOutside
com.cwf.app.cwf.R$bool: int abc_config_showMenuShortcutsWhenKeyboardPresent
...
com.handmark.pulltorefresh.library.PullToRefreshBase$Mode: com.handmark.pulltorefresh.library.PullToRefreshBase$Mode[] values()
com.handmark.pulltorefresh.library.PullToRefreshBase$Mode: com.handmark.pulltorefresh.library.PullToRefreshBase$Mode valueOf(java.lang.String)
com.handmark.pulltorefresh.library.PullToRefreshBase$Orientation: com.handmark.pulltorefresh.library.PullToRefreshBase$Orientation[] values()
com.handmark.pulltorefresh.library.PullToRefreshBase$Orientation: com.handmark.pulltorefresh.library.PullToRefreshBase$Orientation valueOf(java.lang.String)
com.handmark.pulltorefresh.library.PullToRefreshBase$State: com.handmark.pulltorefresh.library.PullToRefreshBase$State[] values()
com.handmark.pulltorefresh.library.PullToRefreshBase$State: com.handmark.pulltorefresh.library.PullToRefreshBase$State valueOf(java.lang.String)
com.handmark.pulltorefresh.library.PullToRefreshExpandableListView: com.handmark.pulltorefresh.library.PullToRefreshBase$Orientation getPullToRefreshScrollDirection()
com.handmark.pulltorefresh.library.PullToRefreshGridView
com.handmark.pulltorefresh.library.PullToRefreshGridView: PullToRefreshGridView(android.content.Context)
com.handmark.pulltorefresh.library.PullToRefreshGridView: PullToRefreshGridView(android.content.Context,android.util.AttributeSet)
com.handmark.pulltorefresh.library.PullToRefreshGridView: PullToRefreshGridView(android.content.Context,com.handmark.pulltorefresh.library.PullToRefreshBase$Mode)
com.handmark.pulltorefresh.library.PullToRefreshGridView: PullToRefreshGridView(android.content.Context,com.handmark.pulltorefresh.library.PullToRefreshBase$Mode,com.handmark.pulltorefresh.library.PullToRefreshBase$AnimationStyle)
com.handmark.pulltorefresh.library.PullToRefreshGridView: com.handmark.pulltorefresh.library.PullToRefreshBase$Orientation getPullToRefreshScrollDirection()
com.handmark.pulltorefresh.library.PullToRefreshHorizontalScrollView: com.handmark.pulltorefresh.library.PullToRefreshBase$Orientation getPullToRefreshScrollDirection()
com.handmark.pulltorefresh.library.PullToRefreshListView: com.handmark.pulltorefresh.library.internal.LoadingLayout getmHeaderLoadingView()
com.handmark.pulltorefresh.library.PullToRefreshListView: com.handmark.pulltorefresh.library.PullToRefreshBase$Orientation getPullToRefreshScrollDirection()
com.handmark.pulltorefresh.library.PullToRefreshListView: void setListAdapter(android.widget.ListAdapter)
com.handmark.pulltorefresh.library.PullToRefreshListView$InternalListView: void setAdapter(android.widget.ListAdapter)
com.handmark.pulltorefresh.library.PullToRefreshListView$InternalListView: void setEmptyView(android.view.View)
com.handmark.pulltorefresh.library.PullToRefreshListView$InternalListView: void setEmptyViewInternal(android.view.View)
com.handmark.pulltorefresh.library.PullToRefreshListView$InternalListView: void setAdapter(android.widget.Adapter)
com.handmark.pulltorefresh.library.PullToRefreshScrollView: com.handmark.pulltorefresh.library.PullToRefreshBase$Orientation getPullToRefreshScrollDirection()
com.handmark.pulltorefresh.library.PullToRefreshWebView: com.handmark.pulltorefresh.library.PullToRefreshBase$Orientation getPullToRefreshScrollDirection()