app/mapping.txt
com.cwf.app.cwf.MainActivity -> com.cwf.app.cwf.MainActivity:
    android.widget.ListView mList -> a
    java.lang.String[] demo -> b
    void <init>() -> <init>
    void onCreate(android.os.Bundle) -> onCreate
    void onItemClick(android.widget.AdapterView,android.view.View,int,long) -> onItemClick
com.cwf.app.cwf.R -> com.cwf.app.cwf.a:
com.cwf.app.cwf.R$styleable -> com.cwf.app.cwf.b:
    int[] ActionBar -> ActionBar
    int ActionBar_background -> ActionBar_background
    int ActionBar_backgroundSplit -> ActionBar_backgroundSplit
    int ActionBar_backgroundStacked -> ActionBar_backgroundStacked
    int ActionBar_contentInsetEnd -> ActionBar_contentInsetEnd
    int ActionBar_contentInsetLeft -> ActionBar_contentInsetLeft
    int ActionBar_contentInsetRight -> ActionBar_contentInsetRight
    int ActionBar_contentInsetStart -> ActionBar_contentInsetStart
    int ActionBar_customNavigationLayout -> ActionBar_customNavigationLayout
    int ActionBar_displayOptions -> ActionBar_displayOptions
    int ActionBar_divider -> ActionBar_divider
    int ActionBar_elevation -> ActionBar_elevation
    int ActionBar_height -> ActionBar_height
    int ActionBar_hideOnContentScroll -> ActionBar_hideOnContentScroll
    int ActionBar_homeAsUpIndicator -> ActionBar_homeAsUpIndicator
    int ActionBar_homeLayout -> ActionBar_homeLayout
    int ActionBar_icon -> ActionBar_icon
    int ActionBar_indeterminateProgressStyle -> ActionBar_indeterminateProgressStyle
    int ActionBar_itemPadding -> ActionBar_itemPadding
    int ActionBar_logo -> ActionBar_logo
    int ActionBar_navigationMode -> ActionBar_navigationMode
    int ActionBar_popupTheme -> ActionBar_popupTheme
    int ActionBar_progressBarPadding -> ActionBar_progressBarPadding
    int ActionBar_progressBarStyle -> ActionBar_progressBarStyle
...
com.squareup.okhttp.internal.ConnectionSpecSelector -> com.squareup.a.a.a:
    java.util.List connectionSpecs -> a
    int nextModeIndex -> b
    boolean isFallbackPossible -> c
    boolean isFallback -> d
    void <init>(java.util.List) -> <init>
    com.squareup.okhttp.ConnectionSpec configureSecureSocket(javax.net.ssl.SSLSocket) -> a
    boolean connectionFailed(java.io.IOException) -> a
    boolean isFallbackPossible(javax.net.ssl.SSLSocket) -> b
com.squareup.okhttp.internal.Internal -> com.squareup.a.a.b:
    java.util.logging.Logger logger -> a
    com.squareup.okhttp.internal.Internal instance -> b
    void <init>() -> <init>
    com.squareup.okhttp.internal.http.Transport newTransport(com.squareup.okhttp.Connection,com.squareup.okhttp.internal.http.HttpEngine) -> a
    boolean clearOwner(com.squareup.okhttp.Connection) -> a
    int recycleCount(com.squareup.okhttp.Connection) -> b
    void setOwner(com.squareup.okhttp.Connection,com.squareup.okhttp.internal.http.HttpEngine) -> b
    boolean isReadable(com.squareup.okhttp.Connection) -> c
    void addLenient(com.squareup.okhttp.Headers$Builder,java.lang.String) -> a
    com.squareup.okhttp.internal.InternalCache internalCache(com.squareup.okhttp.OkHttpClient) -> a
    void recycle(com.squareup.okhttp.ConnectionPool,com.squareup.okhttp.Connection) -> a
    com.squareup.okhttp.internal.RouteDatabase routeDatabase(com.squareup.okhttp.OkHttpClient) -> b
    void connectAndSetOwner(com.squareup.okhttp.OkHttpClient,com.squareup.okhttp.Connection,com.squareup.okhttp.internal.http.HttpEngine) -> a
    void apply(com.squareup.okhttp.ConnectionSpec,javax.net.ssl.SSLSocket,boolean) -> a
    void <clinit>() -> <clinit>
com.squareup.okhttp.internal.InternalCache -> com.squareup.a.a.c:
    com.squareup.okhttp.Response get(com.squareup.okhttp.Request) -> a
    com.squareup.okhttp.internal.http.CacheRequest put(com.squareup.okhttp.Response) -> a
    void remove(com.squareup.okhttp.Request) -> b
    void update(com.squareup.okhttp.Response,com.squareup.okhttp.Response) -> a
    void trackConditionalCacheHit() -> a
    void trackResponse(com.squareup.okhttp.internal.http.CacheStrategy) -> a
com.squareup.okhttp.internal.NamedRunnable -> com.squareup.a.a.d:
    java.lang.String name -> b
    void <init>(java.lang.String,java.lang.Object[]) -> <init>
    void run() -> run
    void execute() -> b
com.squareup.okhttp.internal.OptionalMethod -> com.squareup.a.a.e:
    java.lang.Class returnType -> a
    java.lang.String methodName -> b
    java.lang.Class[] methodParams -> c
    void <init>(java.lang.Class,java.lang.String,java.lang.Class[]) -> <init>
    boolean isSupported(java.lang.Object) -> a
    java.lang.Object invokeOptional(java.lang.Object,java.lang.Object[]) -> a
    java.lang.Object invokeOptionalWithoutCheckedException(java.lang.Object,java.lang.Object[]) -> b
    java.lang.Object invoke(java.lang.Object,java.lang.Object[]) -> c
    java.lang.Object invokeWithoutCheckedException(java.lang.Object,java.lang.Object[]) -> d
    java.lang.reflect.Method getMethod(java.lang.Class) -> a
    java.lang.reflect.Method getPublicMethod(java.lang.Class,java.lang.String,java.lang.Class[]) -> a
com.squareup.okhttp.internal.Platform -> com.squareup.a.a.f:
    com.squareup.okhttp.internal.Platform PLATFORM -> a
    void <init>() -> <init>
    com.squareup.okhttp.internal.Platform get() -> a
    java.lang.String getPrefix() -> b
    void logW(java.lang.String) -> a
    void tagSocket(java.net.Socket) -> a
    void untagSocket(java.net.Socket) -> b
    void configureTlsExtensions(javax.net.ssl.SSLSocket,java.lang.String,java.util.List) -> a
    void afterHandshake(javax.net.ssl.SSLSocket) -> a
    java.lang.String getSelectedProtocol(javax.net.ssl.SSLSocket) -> b
    void connectSocket(java.net.Socket,java.net.InetSocketAddress,int) -> a
    com.squareup.okhttp.internal.Platform findPlatform() -> c
    byte[] concatLengthPrefixed(java.util.List) -> a
    void <clinit>() -> <clinit>