app/unused.txt
com.cwf.app.cwf.BuildConfig
com.cwf.app.cwf.R:
    10:3909:public R()
com.cwf.app.cwf.R$anim
com.cwf.app.cwf.R$array
com.cwf.app.cwf.R$attr
com.cwf.app.cwf.R$bool
com.cwf.app.cwf.R$color
com.cwf.app.cwf.R$dimen
com.cwf.app.cwf.R$drawable
com.cwf.app.cwf.R$id
com.cwf.app.cwf.R$integer
com.cwf.app.cwf.R$layout
com.cwf.app.cwf.R$menu
com.cwf.app.cwf.R$mipmap
com.cwf.app.cwf.R$raw
com.cwf.app.cwf.R$string
com.cwf.app.cwf.R$style
com.cwf.app.cwf.R$styleable:
    3909:3909:public R$styleable()
...
com.nineoldandroids.animation.AnimatorInflater
com.nineoldandroids.animation.AnimatorListenerAdapter
com.nineoldandroids.animation.AnimatorSet
com.nineoldandroids.animation.AnimatorSet$1
com.nineoldandroids.animation.AnimatorSet$AnimatorSetListener
com.nineoldandroids.animation.AnimatorSet$Builder
com.nineoldandroids.animation.AnimatorSet$Dependency
com.nineoldandroids.animation.AnimatorSet$DependencyListener
com.nineoldandroids.animation.AnimatorSet$Node
com.nineoldandroids.animation.ArgbEvaluator
com.nineoldandroids.animation.FloatEvaluator
com.nineoldandroids.animation.FloatKeyframeSet
com.nineoldandroids.animation.IntEvaluator
com.nineoldandroids.animation.IntKeyframeSet
com.nineoldandroids.animation.Keyframe
com.nineoldandroids.animation.Keyframe$FloatKeyframe
com.nineoldandroids.animation.Keyframe$IntKeyframe
com.nineoldandroids.animation.Keyframe$ObjectKeyframe
com.nineoldandroids.animation.KeyframeSet
com.nineoldandroids.animation.ObjectAnimator
com.nineoldandroids.animation.PreHoneycombCompat
com.nineoldandroids.animation.PreHoneycombCompat$1
com.nineoldandroids.animation.PreHoneycombCompat$10
com.nineoldandroids.animation.PreHoneycombCompat$11
com.nineoldandroids.animation.PreHoneycombCompat$12
com.nineoldandroids.animation.PreHoneycombCompat$13
com.nineoldandroids.animation.PreHoneycombCompat$14
com.nineoldandroids.animation.PreHoneycombCompat$2
com.nineoldandroids.animation.PreHoneycombCompat$3
com.nineoldandroids.animation.PreHoneycombCompat$4
com.nineoldandroids.animation.PreHoneycombCompat$5
com.nineoldandroids.animation.PreHoneycombCompat$6
com.nineoldandroids.animation.PreHoneycombCompat$7
com.nineoldandroids.animation.PreHoneycombCompat$8
com.nineoldandroids.animation.PreHoneycombCompat$9
com.nineoldandroids.animation.PropertyValuesHolder
com.nineoldandroids.animation.PropertyValuesHolder$1
com.nineoldandroids.animation.PropertyValuesHolder$FloatPropertyValuesHolder
com.nineoldandroids.animation.PropertyValuesHolder$IntPropertyValuesHolder
com.nineoldandroids.animation.TimeAnimator
com.nineoldandroids.animation.TimeAnimator$TimeListener
com.nineoldandroids.animation.TypeEvaluator
com.nineoldandroids.animation.ValueAnimator
com.nineoldandroids.animation.ValueAnimator$1
com.nineoldandroids.animation.ValueAnimator$2
com.nineoldandroids.animation.ValueAnimator$3
com.nineoldandroids.animation.ValueAnimator$4
com.nineoldandroids.animation.ValueAnimator$5
com.nineoldandroids.animation.ValueAnimator$AnimationHandler
com.nineoldandroids.animation.ValueAnimator$AnimatorUpdateListener
com.nineoldandroids.util.FloatProperty
com.nineoldandroids.util.IntProperty
com.nineoldandroids.util.NoSuchPropertyException
com.nineoldandroids.util.Property
com.nineoldandroids.util.ReflectiveProperty
com.nineoldandroids.view.ViewHelper
com.nineoldandroids.view.ViewHelper$Honeycomb
com.nineoldandroids.view.ViewPropertyAnimator
com.nineoldandroids.view.ViewPropertyAnimatorHC
com.nineoldandroids.view.ViewPropertyAnimatorHC$1
com.nineoldandroids.view.ViewPropertyAnimatorHC$AnimatorEventListener
com.nineoldandroids.view.ViewPropertyAnimatorHC$NameValuesHolder
com.nineoldandroids.view.ViewPropertyAnimatorHC$PropertyBundle
com.nineoldandroids.view.ViewPropertyAnimatorICS
com.nineoldandroids.view.ViewPropertyAnimatorICS$1
com.nineoldandroids.view.ViewPropertyAnimatorPreHC
com.nineoldandroids.view.ViewPropertyAnimatorPreHC$1
com.nineoldandroids.view.ViewPropertyAnimatorPreHC$AnimatorEventListener
com.nineoldandroids.view.ViewPropertyAnimatorPreHC$NameValuesHolder
com.nineoldandroids.view.ViewPropertyAnimatorPreHC$PropertyBundle
com.nineoldandroids.view.animation.AnimatorProxy